# JRE version: Java(TM) SE Runtime Environment (8.0_291-b10) (build 1.8.0_291-b10)
# Java VM: Java HotSpot(TM) 64-Bit Server VM (25.291-b10 mixed mode windows-amd64 compressed oops)
Heap:
 PSYoungGen      total 347648K, used 208225K [0x00000000d6180000, 0x00000000ef100000, 0x0000000100000000)
  eden space 312832K, 61% used [0x00000000d6180000,0x00000000e1d55d30,0x00000000e9300000)
  from space 34816K, 45% used [0x00000000e9300000,0x00000000ea282978,0x00000000eb500000)
  to   space 33792K, 0% used [0x00000000ed000000,0x00000000ed000000,0x00000000ef100000)
 ParOldGen       total 194048K, used 105120K [0x0000000082400000, 0x000000008e180000, 0x00000000d6180000)
  object space 194048K, 54% used [0x0000000082400000,0x0000000088aa8218,0x000000008e180000)
 Metaspace       used 47011K, capacity 47605K, committed 48172K, reserved 1091584K
  class space    used 6220K, capacity 6409K, committed 6444K, reserved 1048576K
GC Heap History (10 events):
Event: 11.943 GC heap before
{Heap before GC invocations=18 (full 2):
 PSYoungGen      total 217088K, used 205633K [0x00000000d6180000, 0x00000000e8600000, 0x0000000100000000)
  eden space 191488K, 100% used [0x00000000d6180000,0x00000000e1c80000,0x00000000e1c80000)
  from space 25600K, 55% used [0x00000000e1c80000,0x00000000e2a50608,0x00000000e3580000)
  to   space 25600K, 0% used [0x00000000e6d00000,0x00000000e6d00000,0x00000000e8600000)
 ParOldGen       total 104960K, used 48247K [0x0000000082400000, 0x0000000088a80000, 0x00000000d6180000)
  object space 104960K, 45% used [0x0000000082400000,0x000000008531dfc8,0x0000000088a80000)
 Metaspace       used 29686K, capacity 30076K, committed 30380K, reserved 1075200K
  class space    used 4062K, capacity 4194K, committed 4268K, reserved 1048576K
Event: 11.969 GC heap after
Heap after GC invocations=18 (full 2):
 PSYoungGen      total 274944K, used 8016K [0x00000000d6180000, 0x00000000e9080000, 0x0000000100000000)
  eden space 249344K, 0% used [0x00000000d6180000,0x00000000d6180000,0x00000000e5500000)
  from space 25600K, 31% used [0x00000000e6d00000,0x00000000e74d4120,0x00000000e8600000)
  to   space 24576K, 0% used [0x00000000e5500000,0x00000000e5500000,0x00000000e6d00000)
 ParOldGen       total 104960K, used 60781K [0x0000000082400000, 0x0000000088a80000, 0x00000000d6180000)
  object space 104960K, 57% used [0x0000000082400000,0x0000000085f5b4b8,0x0000000088a80000)
 Metaspace       used 29686K, capacity 30076K, committed 30380K, reserved 1075200K
  class space    used 4062K, capacity 4194K, committed 4268K, reserved 1048576K
}
Event: 15.649 GC heap before
{Heap before GC invocations=19 (full 2):
 PSYoungGen      total 274944K, used 257360K [0x00000000d6180000, 0x00000000e9080000, 0x0000000100000000)
  eden space 249344K, 100% used [0x00000000d6180000,0x00000000e5500000,0x00000000e5500000)
  from space 25600K, 31% used [0x00000000e6d00000,0x00000000e74d4120,0x00000000e8600000)
  to   space 24576K, 0% used [0x00000000e5500000,0x00000000e5500000,0x00000000e6d00000)
 ParOldGen       total 104960K, used 60781K [0x0000000082400000, 0x0000000088a80000, 0x00000000d6180000)
  object space 104960K, 57% used [0x0000000082400000,0x0000000085f5b4b8,0x0000000088a80000)
 Metaspace       used 35511K, capacity 35983K, committed 36396K, reserved 1081344K
  class space    used 4753K, capacity 4896K, committed 4908K, reserved 1048576K
Event: 15.684 GC heap after
Heap after GC invocations=19 (full 2):
 PSYoungGen      total 273920K, used 14842K [0x00000000d6180000, 0x00000000ed700000, 0x0000000100000000)
  eden space 249344K, 0% used [0x00000000d6180000,0x00000000d6180000,0x00000000e5500000)
  from space 24576K, 60% used [0x00000000e5500000,0x00000000e637eba0,0x00000000e6d00000)
  to   space 24576K, 0% used [0x00000000ebf00000,0x00000000ebf00000,0x00000000ed700000)
 ParOldGen       total 104960K, used 65859K [0x0000000082400000, 0x0000000088a80000, 0x00000000d6180000)
  object space 104960K, 62% used [0x0000000082400000,0x0000000086450c28,0x0000000088a80000)
 Metaspace       used 35511K, capacity 35983K, committed 36396K, reserved 1081344K
  class space    used 4753K, capacity 4896K, committed 4908K, reserved 1048576K
}
Event: 20.026 GC heap before
{Heap before GC invocations=20 (full 2):
 PSYoungGen      total 273920K, used 243934K [0x00000000d6180000, 0x00000000ed700000, 0x0000000100000000)
  eden space 249344K, 91% used [0x00000000d6180000,0x00000000e4138e60,0x00000000e5500000)
  from space 24576K, 60% used [0x00000000e5500000,0x00000000e637eba0,0x00000000e6d00000)
  to   space 24576K, 0% used [0x00000000ebf00000,0x00000000ebf00000,0x00000000ed700000)
 ParOldGen       total 104960K, used 65859K [0x0000000082400000, 0x0000000088a80000, 0x00000000d6180000)
  object space 104960K, 62% used [0x0000000082400000,0x0000000086450c28,0x0000000088a80000)
 Metaspace       used 37237K, capacity 37741K, committed 38048K, reserved 1083392K
  class space    used 4976K, capacity 5143K, committed 5164K, reserved 1048576K
Event: 20.061 GC heap after
Heap after GC invocations=20 (full 2):
 PSYoungGen      total 325120K, used 24575K [0x00000000d6180000, 0x00000000ed700000, 0x0000000100000000)
  eden space 300544K, 0% used [0x00000000d6180000,0x00000000d6180000,0x00000000e8700000)
  from space 24576K, 99% used [0x00000000ebf00000,0x00000000ed6fffe0,0x00000000ed700000)
  to   space 34816K, 0% used [0x00000000e9300000,0x00000000e9300000,0x00000000eb500000)
 ParOldGen       total 104960K, used 83142K [0x0000000082400000, 0x0000000088a80000, 0x00000000d6180000)
  object space 104960K, 79% used [0x0000000082400000,0x0000000087531ad0,0x0000000088a80000)
 Metaspace       used 37237K, capacity 37741K, committed 38048K, reserved 1083392K
  class space    used 4976K, capacity 5143K, committed 5164K, reserved 1048576K
}
Event: 20.061 GC heap before
{Heap before GC invocations=21 (full 3):
 PSYoungGen      total 325120K, used 24575K [0x00000000d6180000, 0x00000000ed700000, 0x0000000100000000)
  eden space 300544K, 0% used [0x00000000d6180000,0x00000000d6180000,0x00000000e8700000)
  from space 24576K, 99% used [0x00000000ebf00000,0x00000000ed6fffe0,0x00000000ed700000)
  to   space 34816K, 0% used [0x00000000e9300000,0x00000000e9300000,0x00000000eb500000)
 ParOldGen       total 104960K, used 83142K [0x0000000082400000, 0x0000000088a80000, 0x00000000d6180000)
  object space 104960K, 79% used [0x0000000082400000,0x0000000087531ad0,0x0000000088a80000)
 Metaspace       used 37237K, capacity 37741K, committed 38048K, reserved 1083392K
  class space    used 4976K, capacity 5143K, committed 5164K, reserved 1048576K
Event: 20.588 GC heap after
Heap after GC invocations=21 (full 3):
 PSYoungGen      total 325120K, used 492K [0x00000000d6180000, 0x00000000ed700000, 0x0000000100000000)
  eden space 300544K, 0% used [0x00000000d6180000,0x00000000d6180000,0x00000000e8700000)
  from space 24576K, 2% used [0x00000000ebf00000,0x00000000ebf7b320,0x00000000ed700000)
  to   space 34816K, 0% used [0x00000000e9300000,0x00000000e9300000,0x00000000eb500000)
 ParOldGen       total 194048K, used 104572K [0x0000000082400000, 0x000000008e180000, 0x00000000d6180000)
  object space 194048K, 53% used [0x0000000082400000,0x0000000088a1f2f0,0x000000008e180000)
 Metaspace       used 37237K, capacity 37741K, committed 38048K, reserved 1083392K
  class space    used 4976K, capacity 5143K, committed 5164K, reserved 1048576K
}
Event: 25.133 GC heap before
{Heap before GC invocations=22 (full 3):
 PSYoungGen      total 325120K, used 301036K [0x00000000d6180000, 0x00000000ed700000, 0x0000000100000000)
  eden space 300544K, 100% used [0x00000000d6180000,0x00000000e8700000,0x00000000e8700000)
  from space 24576K, 2% used [0x00000000ebf00000,0x00000000ebf7b320,0x00000000ed700000)
  to   space 34816K, 0% used [0x00000000e9300000,0x00000000e9300000,0x00000000eb500000)
 ParOldGen       total 194048K, used 104572K [0x0000000082400000, 0x000000008e180000, 0x00000000d6180000)
  object space 194048K, 53% used [0x0000000082400000,0x0000000088a1f2f0,0x000000008e180000)
 Metaspace       used 44999K, capacity 45667K, committed 46124K, reserved 1089536K
  class space    used 5994K, capacity 6174K, committed 6188K, reserved 1048576K
Event: 25.157 GC heap after
Heap after GC invocations=22 (full 3):
 PSYoungGen      total 347648K, used 15882K [0x00000000d6180000, 0x00000000ef100000, 0x0000000100000000)
  eden space 312832K, 0% used [0x00000000d6180000,0x00000000d6180000,0x00000000e9300000)
  from space 34816K, 45% used [0x00000000e9300000,0x00000000ea282978,0x00000000eb500000)
  to   space 33792K, 0% used [0x00000000ed000000,0x00000000ed000000,0x00000000ef100000)
 ParOldGen       total 194048K, used 105120K [0x0000000082400000, 0x000000008e180000, 0x00000000d6180000)
  object space 194048K, 54% used [0x0000000082400000,0x0000000088aa8218,0x000000008e180000)
 Metaspace       used 44999K, capacity 45667K, committed 46124K, reserved 1089536K
  class space    used 5994K, capacity 6174K, committed 6188K, reserved 1048576K
}

